<?xml version="1.0" encoding="UTF-8"?>
<!-- Generated by org.testng.reporters.JUnitReportReporter -->
<testsuite skipped="0" hostname="DESKTOP-Q71IO9G" name="Academy.HomePage" tests="3" failures="0" timestamp="29 Dec 2018 09:07:21 GMT" time="11.195" errors="0">
  <testcase name="basePageNavigation" time="1.759" classname="Academy.HomePage"/>
  <testcase name="basePageNavigation" time="8.617" classname="Academy.HomePage"/>
  <testcase name="basePageNavigation" time="0.819" classname="Academy.HomePage"/>
</testsuite> <!-- Academy.HomePage -->
