<?xml version="1.0" encoding="UTF-8"?>
<!-- Generated by org.testng.reporters.JUnitReportReporter -->
<testsuite skipped="0" hostname="DESKTOP-Q71IO9G" name="Academy.validateNavigationBar" tests="1" failures="0" timestamp="29 Dec 2018 09:07:21 GMT" time="0.138" errors="0">
  <testcase name="validateContact" time="0.138" classname="Academy.validateNavigationBar"/>
</testsuite> <!-- Academy.validateNavigationBar -->
