<?xml version="1.0" encoding="UTF-8"?>
<!-- Generated by org.testng.reporters.JUnitReportReporter -->
<testsuite skipped="0" hostname="DESKTOP-Q71IO9G" name="Academy.HomePage" tests="3" failures="0" timestamp="31 Dec 2018 08:22:34 GMT" time="10.579" errors="0">
  <testcase name="basePageNavigation" time="1.305" classname="Academy.HomePage"/>
  <testcase name="basePageNavigation" time="0.670" classname="Academy.HomePage"/>
  <testcase name="basePageNavigation" time="8.604" classname="Academy.HomePage"/>
</testsuite> <!-- Academy.HomePage -->
